\BOOKMARK [0][-]{Doc-Start}{Certificate}{}% 1
\BOOKMARK [0][-]{Doc-Start}{Declaration}{}% 2
\BOOKMARK [0][-]{Item.6}{Acknowledgments}{}% 3
\BOOKMARK [0][-]{chapter*.1}{Abstract}{}% 4
\BOOKMARK [0][-]{chapter*.2}{List of Figures}{}% 5
\BOOKMARK [0][-]{chapter*.3}{List of Algorithms}{}% 6
\BOOKMARK [0][-]{chapter*.4}{List of Symbols}{}% 7
\BOOKMARK [0][-]{chapter.1}{Introduction}{}% 8
\BOOKMARK [1][-]{section.1.1}{Application Layer}{chapter.1}% 9
\BOOKMARK [1][-]{section.1.2}{Problem Formulation and Motivation}{chapter.1}% 10
\BOOKMARK [1][-]{section.1.3}{Literature Survey}{chapter.1}% 11
\BOOKMARK [1][-]{section.1.4}{Channel Models}{chapter.1}% 12
\BOOKMARK [2][-]{subsection.1.4.1}{Bernouli Channel}{section.1.4}% 13
\BOOKMARK [2][-]{subsection.1.4.2}{Gilbert-Elliot Channel}{section.1.4}% 14
\BOOKMARK [1][-]{section.1.5}{Summary}{chapter.1}% 15
\BOOKMARK [0][-]{chapter.2}{Windowed Coding}{}% 16
\BOOKMARK [1][-]{section.2.1}{General Packet and Network Structure}{chapter.2}% 17
\BOOKMARK [1][-]{section.2.2}{Coding Scheme}{chapter.2}% 18
\BOOKMARK [1][-]{section.2.3}{Problems with the scheme}{chapter.2}% 19
\BOOKMARK [2][-]{subsection.2.3.1}{Degree Selection when coding}{section.2.3}% 20
\BOOKMARK [2][-]{subsection.2.3.2}{Feedback}{section.2.3}% 21
\BOOKMARK [2][-]{subsection.2.3.3}{No-feedback Coding Degree}{section.2.3}% 22
\BOOKMARK [1][-]{section.2.4}{Summary}{chapter.2}% 23
\BOOKMARK [0][-]{chapter.3}{Improved Windowed Coding}{}% 24
\BOOKMARK [1][-]{section.3.1}{Experimental Setup}{chapter.3}% 25
\BOOKMARK [1][-]{section.3.2}{Improvements}{chapter.3}% 26
\BOOKMARK [2][-]{subsection.3.2.1}{Improved Coding Degree Selection}{section.3.2}% 27
\BOOKMARK [2][-]{subsection.3.2.2}{Improvised Feedback}{section.3.2}% 28
\BOOKMARK [2][-]{subsection.3.2.3}{No feedback degree selection}{section.3.2}% 29
\BOOKMARK [1][-]{section.3.3}{Summary}{chapter.3}% 30
\BOOKMARK [0][-]{chapter.4}{Relay}{}% 31
\BOOKMARK [1][-]{section.4.1}{Basic Relay Operations}{chapter.4}% 32
\BOOKMARK [2][-]{subsection.4.1.1}{Relay Baseline}{section.4.1}% 33
\BOOKMARK [1][-]{section.4.2}{Windowed Coding at Relay}{chapter.4}% 34
\BOOKMARK [2][-]{subsection.4.2.1}{Modifications to Windowed Coding for Relay}{section.4.2}% 35
\BOOKMARK [1][-]{section.4.3}{Results}{chapter.4}% 36
\BOOKMARK [2][-]{subsection.4.3.1}{Delivery Failure Rate}{section.4.3}% 37
\BOOKMARK [2][-]{subsection.4.3.2}{Energy Consumption}{section.4.3}% 38
\BOOKMARK [1][-]{section.4.4}{Summary}{chapter.4}% 39
\BOOKMARK [0][-]{section.4.4}{Bibliography}{}% 40
